#
# There is insufficient memory for the Java Runtime Environment to continue.
# Native memory allocation (malloc) failed to allocate 1048576 bytes for AllocateHeap
# Possible reasons:
#   The system is out of physical RAM or swap space
#   In 32 bit mode, the process size limit was hit
# Possible solutions:
#   Reduce memory load on the system
#   Increase physical memory or swap space
#   Check if swap backing store is full
#   Use 64 bit Java on a 64 bit OS
#   Decrease Java heap size (-Xmx/-Xms)
#   Decrease number of Java threads
#   Decrease Java thread stack sizes (-Xss)
#   Set larger code cache with -XX:ReservedCodeCacheSize=
# This output file may be truncated or incomplete.
#
#  Out of Memory Error (memory/allocation.inline.hpp:61), pid=9812, tid=0x00000000000026ec
#
# JRE version:  (8.0) (build )
# Java VM: OpenJDK 64-Bit Server VM (25.71-b00 mixed mode windows-amd64 compressed oops)
# Failed to write core dump. Minidumps are not enabled by default on client versions of Windows
#

---------------  T H R E A D  ---------------

Current thread (0x0000000002912800):  JavaThread "Unknown thread" [_thread_in_vm, id=9964, stack(0x0000000002790000,0x0000000002890000)]

Stack: [0x0000000002790000,0x0000000002890000]
[error occurred during error reporting (printing stack bounds), id 0xc0000005]

Native frames: (J=compiled Java code, j=interpreted, Vv=VM code, C=native code)


---------------  P R O C E S S  ---------------

Java Threads: ( => current thread )

Other Threads:

=>0x0000000002912800 (exited) JavaThread "Unknown thread" [_thread_in_vm, id=9964, stack(0x0000000002790000,0x0000000002890000)]

VM state:not at safepoint (normal execution)

VM Mutex/Monitor currently owned by a thread: None

Heap:
 PSYoungGen      total 67072K, used 1157K [0x0000000775f80000, 0x000000077aa00000, 0x00000007c0000000)
  eden space 57856K, 2% used [0x0000000775f80000,0x00000007760a1488,0x0000000779800000)
  from space 9216K, 0% used [0x000000077a100000,0x000000077a100000,0x000000077aa00000)
  to   space 9216K, 0% used [0x0000000779800000,0x0000000779800000,0x000000077a100000)
 ParOldGen       total 153088K, used 0K [0x00000006e1e00000, 0x00000006eb380000, 0x0000000775f80000)
  object space 153088K, 0% used [0x00000006e1e00000,0x00000006e1e00000,0x00000006eb380000)
 Metaspace       used 777K, capacity 4480K, committed 4480K, reserved 1056768K
  class space    used 74K, capacity 384K, committed 384K, reserved 1048576K

Card table byte_map: [0x0000000011dd0000,0x00000000124d0000] byte_map_base: 0x000000000e6c1000

Marking Bits: (ParMarkBitMap*) 0x000000005f08be50
 Begin Bits: [0x0000000013180000, 0x0000000016908000)
 End Bits:   [0x0000000016908000, 0x000000001a090000)

Polling page: 0x0000000000f50000

CodeCache: size=245760Kb used=327Kb max_used=327Kb free=245432Kb
 bounds [0x0000000002a10000, 0x0000000002c80000, 0x0000000011a10000]
 total_blobs=56 nmethods=0 adapters=38
 compilation: enabled

Compilation events (0 events):
No events

GC Heap History (0 events):
No events

Deoptimization events (0 events):
No events

Classes redefined (0 events):
No events

Internal exceptions (0 events):
No events

Events (10 events):
Event: 0.030 loading class java/lang/Short
Event: 0.030 loading class java/lang/Short done
Event: 0.030 loading class java/lang/Integer
Event: 0.030 loading class java/lang/Integer done
Event: 0.030 loading class java/lang/Long
Event: 0.030 loading class java/lang/Long done
Event: 0.031 loading class java/lang/NullPointerException
Event: 0.031 loading class java/lang/NullPointerException done
Event: 0.031 loading class java/lang/ArithmeticException
Event: 0.031 loading class java/lang/ArithmeticException done


Dynamic libraries:
0x00007ff762fa0000 - 0x00007ff762fd5000 	C:\Program Files\Unity\Hub\Editor\2021.3.18f1\Editor\Data\PlaybackEngines\AndroidPlayer\OpenJDK\bin\java.exe
0x00007fff79b10000 - 0x00007fff79d24000 	C:\Windows\SYSTEM32\ntdll.dll
0x00007fff78f80000 - 0x00007fff79044000 	C:\Windows\System32\KERNEL32.DLL
0x00007fff77210000 - 0x00007fff775b4000 	C:\Windows\System32\KERNELBASE.dll
0x00007fff79a20000 - 0x00007fff79ad0000 	C:\Windows\System32\ADVAPI32.dll
0x00007fff78550000 - 0x00007fff785f7000 	C:\Windows\System32\msvcrt.dll
0x00007fff78da0000 - 0x00007fff78e46000 	C:\Windows\System32\sechost.dll
0x00007fff79510000 - 0x00007fff79627000 	C:\Windows\System32\RPCRT4.dll
0x00007fff79630000 - 0x00007fff797de000 	C:\Windows\System32\USER32.dll
0x00007fff77630000 - 0x00007fff77656000 	C:\Windows\System32\win32u.dll
0x00007fff78160000 - 0x00007fff78189000 	C:\Windows\System32\GDI32.dll
0x00007fff77660000 - 0x00007fff77778000 	C:\Windows\System32\gdi32full.dll
0x00007fff77170000 - 0x00007fff7720a000 	C:\Windows\System32\msvcp_win.dll
0x00007fff77780000 - 0x00007fff77891000 	C:\Windows\System32\ucrtbase.dll
0x00007fff5cf40000 - 0x00007fff5d1d3000 	C:\Windows\WinSxS\amd64_microsoft.windows.common-controls_6595b64144ccf1df_6.0.22621.2215_none_270d72677387dfc3\COMCTL32.dll
0x00007fff79840000 - 0x00007fff79871000 	C:\Windows\System32\IMM32.DLL
0x000000005f110000 - 0x000000005f1e2000 	C:\Program Files\Unity\Hub\Editor\2021.3.18f1\Editor\Data\PlaybackEngines\AndroidPlayer\OpenJDK\jre\bin\msvcr100.dll
0x000000005e8c0000 - 0x000000005f109000 	C:\Program Files\Unity\Hub\Editor\2021.3.18f1\Editor\Data\PlaybackEngines\AndroidPlayer\OpenJDK\jre\bin\server\jvm.dll
0x00007fff78150000 - 0x00007fff78158000 	C:\Windows\System32\PSAPI.DLL
0x00007fff6e910000 - 0x00007fff6e91a000 	C:\Windows\SYSTEM32\VERSION.dll
0x00007fff6f4e0000 - 0x00007fff6f514000 	C:\Windows\SYSTEM32\WINMM.dll
0x00007fff72320000 - 0x00007fff72329000 	C:\Windows\SYSTEM32\WSOCK32.dll
0x00007fff780d0000 - 0x00007fff78141000 	C:\Windows\System32\WS2_32.dll
0x00007fff6f660000 - 0x00007fff6f66f000 	C:\Program Files\Unity\Hub\Editor\2021.3.18f1\Editor\Data\PlaybackEngines\AndroidPlayer\OpenJDK\jre\bin\verify.dll
0x00007fff5c0c0000 - 0x00007fff5c0e9000 	C:\Program Files\Unity\Hub\Editor\2021.3.18f1\Editor\Data\PlaybackEngines\AndroidPlayer\OpenJDK\jre\bin\java.dll
0x00007fff564d0000 - 0x00007fff564e6000 	C:\Program Files\Unity\Hub\Editor\2021.3.18f1\Editor\Data\PlaybackEngines\AndroidPlayer\OpenJDK\jre\bin\zip.dll

VM Arguments:
jvm_args: -Dfile.encoding=UTF-8 
java_command: <unknown>
java_class_path (initial): .
Launcher Type: SUN_STANDARD

Environment Variables:
JAVA_HOME=C:\Program Files\Unity\Hub\Editor\2021.3.18f1\Editor\Data\PlaybackEngines\AndroidPlayer\OpenJDK
JAVA_TOOL_OPTIONS=-Dfile.encoding=UTF-8
PATH=C:\Program Files\Eclipse Adoptium\jdk-17.0.5.8-hotspot\bin;C:\Windows\system32;C:\Windows;C:\Windows\System32\Wbem;C:\Windows\System32\WindowsPowerShell\v1.0\;C:\Windows\System32\OpenSSH\;C:\Program Files (x86)\NVIDIA Corporation\PhysX\Common;C:\Program Files\Microsoft VS Code\bin;C:\Program Files\MongoDB\Server\6.0\bin;C:\Program Files\Microsoft SQL Server\150\Tools\Binn\;C:\Program Files\dotnet\;C:\Users\Laptop-HP\Documents\sonar-scanner-4.8.0.2856-windows\bin;C:\Program Files\nodejs\;C:\Program Files\Git\cmd;%SystemRoot%\system32;%SystemRoot%;%SystemRoot%\System32\Wbem;%SYSTEMROOT%\System32\WindowsPowerShell\v1.0\;%SYSTEMROOT%\System32\OpenSSH\;C:\Users\Laptop-HP\AppData\Local\Microsoft\WindowsApps;C:\Program Files\MongoDB\Server\6.0\bin;;C:\Program Files\JetBrains\IntelliJ IDEA 2022.3.1\bin;;C:\Users\Laptop-HP\.dotnet\tools;C:\Users\Laptop-HP\AppData\Roaming\npm
USERNAME=Laptop-HP
OS=Windows_NT
PROCESSOR_IDENTIFIER=AMD64 Family 23 Model 24 Stepping 1, AuthenticAMD



---------------  S Y S T E M  ---------------

OS: Windows 10.0 , 64 bit Build 22621 (10.0.22621.2215)

CPU:total 8 (initial active 8) (8 cores per cpu, 1 threads per core) family 23 model 24 stepping 1, cmov, cx8, fxsr, mmx, sse, sse2, sse3, ssse3, sse4.1, sse4.2, popcnt, avx, avx2, aes, clmul, mmxext, 3dnowpref, lzcnt, sse4a, tsc, tscinvbit, tscinv, bmi1

Memory: 4k page, physical 14552616k(6084716k free), swap 14552616k(5548k free)

vm_info: OpenJDK 64-Bit Server VM (25.71-b00) for windows-amd64 JRE (1.8.0-adoptopenjdk-_2018_05_19_00_59-b00), built on May 19 2018 01:02:12 by "jenkins" with MS VC++ 10.0 (VS2010)

time: Wed Aug 30 12:00:26 2023
elapsed time: 0 seconds (0d 0h 0m 0s)

