#
# There is insufficient memory for the Java Runtime Environment to continue.
# Native memory allocation (malloc) failed to allocate 925136 bytes for Chunk::new
# Possible reasons:
#   The system is out of physical RAM or swap space
#   In 32 bit mode, the process size limit was hit
# Possible solutions:
#   Reduce memory load on the system
#   Increase physical memory or swap space
#   Check if swap backing store is full
#   Use 64 bit Java on a 64 bit OS
#   Decrease Java heap size (-Xmx/-Xms)
#   Decrease number of Java threads
#   Decrease Java thread stack sizes (-Xss)
#   Set larger code cache with -XX:ReservedCodeCacheSize=
# This output file may be truncated or incomplete.
#
#  Out of Memory Error (allocation.cpp:390), pid=7836, tid=0x00000000000032dc
#
# JRE version: OpenJDK Runtime Environment (8.0) (build 1.8.0-adoptopenjdk-_2018_05_19_00_59-b00)
# Java VM: OpenJDK 64-Bit Server VM (25.71-b00 mixed mode windows-amd64 compressed oops)
# Failed to write core dump. Minidumps are not enabled by default on client versions of Windows
#

---------------  T H R E A D  ---------------

Current thread (0x000000001cde1000):  JavaThread "C2 CompilerThread1" daemon [_thread_in_native, id=13020, stack(0x000000001d6e0000,0x000000001d7e0000)]

Stack: [0x000000001d6e0000,0x000000001d7e0000]
[error occurred during error reporting (printing stack bounds), id 0xc0000005]

Native frames: (J=compiled Java code, j=interpreted, Vv=VM code, C=native code)


Current CompileTask:
C2:   3561 2500       4       com.sun.org.apache.xerces.internal.impl.XMLNSDocumentScannerImpl::scanStartElement (1026 bytes)


---------------  P R O C E S S  ---------------

Java Threads: ( => current thread )
  0x000000001e23f000 JavaThread "Keep-Alive-Timer" daemon [_thread_blocked, id=12564, stack(0x000000001eb20000,0x000000001ec20000)]
  0x000000001ce6d000 JavaThread "Service Thread" daemon [_thread_blocked, id=13328, stack(0x000000001d9e0000,0x000000001dae0000)]
  0x000000001cdf1000 JavaThread "C1 CompilerThread3" daemon [_thread_in_vm, id=15100, stack(0x000000001d8e0000,0x000000001d9e0000)]
  0x000000001cde6800 JavaThread "C2 CompilerThread2" daemon [_thread_in_native, id=6944, stack(0x000000001d7e0000,0x000000001d8e0000)]
=>0x000000001cde1000 JavaThread "C2 CompilerThread1" daemon [_thread_in_native, id=13020, stack(0x000000001d6e0000,0x000000001d7e0000)]
  0x000000001cddf000 JavaThread "C2 CompilerThread0" daemon [_thread_in_native, id=14748, stack(0x000000001d5e0000,0x000000001d6e0000)]
  0x000000001cdde000 JavaThread "Attach Listener" daemon [_thread_blocked, id=3772, stack(0x000000001d4e0000,0x000000001d5e0000)]
  0x000000001cddd000 JavaThread "Signal Dispatcher" daemon [_thread_blocked, id=14516, stack(0x000000001d3e0000,0x000000001d4e0000)]
  0x000000001cdd0800 JavaThread "Finalizer" daemon [_thread_blocked, id=12124, stack(0x000000001d1b0000,0x000000001d2b0000)]
  0x000000000274b800 JavaThread "Reference Handler" daemon [_thread_blocked, id=8616, stack(0x000000001ccb0000,0x000000001cdb0000)]
  0x0000000002655800 JavaThread "main" [_thread_in_vm, id=14448, stack(0x0000000002550000,0x0000000002650000)]

Other Threads:
  0x000000001aeb8800 VMThread [stack: 0x000000001cbb0000,0x000000001ccb0000] [id=5748]
  0x000000001ce6d800 WatcherThread [stack: 0x000000001dae0000,0x000000001dbe0000] [id=12764]

VM state:not at safepoint (normal execution)

VM Mutex/Monitor currently owned by a thread: None

Heap:
 PSYoungGen      total 67072K, used 15135K [0x0000000775f80000, 0x000000077aa00000, 0x00000007c0000000)
  eden space 57856K, 14% used [0x0000000775f80000,0x00000007767a9818,0x0000000779800000)
  from space 9216K, 73% used [0x000000077a100000,0x000000077a79e620,0x000000077aa00000)
  to   space 9216K, 0% used [0x0000000779800000,0x0000000779800000,0x000000077a100000)
 ParOldGen       total 153088K, used 40K [0x00000006e1e00000, 0x00000006eb380000, 0x0000000775f80000)
  object space 153088K, 0% used [0x00000006e1e00000,0x00000006e1e0a000,0x00000006eb380000)
 Metaspace       used 17796K, capacity 18286K, committed 18432K, reserved 1064960K
  class space    used 2033K, capacity 2177K, committed 2304K, reserved 1048576K

Card table byte_map: [0x0000000011b10000,0x0000000012210000] byte_map_base: 0x000000000e401000

Marking Bits: (ParMarkBitMap*) 0x000000005f08be50
 Begin Bits: [0x0000000012ec0000, 0x0000000016648000)
 End Bits:   [0x0000000016648000, 0x0000000019dd0000)

Polling page: 0x0000000002400000

CodeCache: size=245760Kb used=9330Kb max_used=9330Kb free=236429Kb
 bounds [0x0000000002750000, 0x0000000003080000, 0x0000000011750000]
 total_blobs=3101 nmethods=2683 adapters=332
 compilation: enabled

Compilation events (10 events):
Event: 3.555 Thread 0x000000001cdf1000 nmethod 2693 0x000000000306b890 code [0x000000000306ba00, 0x000000000306bbc8]
Event: 3.556 Thread 0x000000001cdf1000 2694       3       java.util.Formatter$Flags::<init> (10 bytes)
Event: 3.556 Thread 0x000000001cdf1000 nmethod 2694 0x000000000306bc50 code [0x000000000306bda0, 0x000000000306bf50]
Event: 3.557 Thread 0x000000001cdf1000 2695       3       com.android.repository.Revision::toString (114 bytes)
Event: 3.558 Thread 0x000000001cdf1000 nmethod 2695 0x000000000306c010 code [0x000000000306c340, 0x000000000306ddd8]
Event: 3.558 Thread 0x000000001cdf1000 2698   !   3       java.nio.CharBuffer::wrap (20 bytes)
Event: 3.559 Thread 0x000000001cdf1000 nmethod 2698 0x000000000306ead0 code [0x000000000306ec60, 0x000000000306f018]
Event: 3.559 Thread 0x000000001cdf1000 2699       3       java.nio.HeapCharBuffer::<init> (14 bytes)
Event: 3.559 Thread 0x000000001cdf1000 nmethod 2699 0x000000000306f290 code [0x000000000306f400, 0x000000000306f648]
Event: 3.559 Thread 0x000000001cdf1000 2700  s    3       java.io.BufferedOutputStream::flush (12 bytes)

GC Heap History (4 events):
Event: 2.470 GC heap before
{Heap before GC invocations=1 (full 0):
 PSYoungGen      total 67072K, used 57856K [0x0000000775f80000, 0x000000077aa00000, 0x00000007c0000000)
  eden space 57856K, 100% used [0x0000000775f80000,0x0000000779800000,0x0000000779800000)
  from space 9216K, 0% used [0x000000077a100000,0x000000077a100000,0x000000077aa00000)
  to   space 9216K, 0% used [0x0000000779800000,0x0000000779800000,0x000000077a100000)
 ParOldGen       total 153088K, used 0K [0x00000006e1e00000, 0x00000006eb380000, 0x0000000775f80000)
  object space 153088K, 0% used [0x00000006e1e00000,0x00000006e1e00000,0x00000006eb380000)
 Metaspace       used 17144K, capacity 17514K, committed 17792K, reserved 1064960K
  class space    used 1979K, capacity 2069K, committed 2176K, reserved 1048576K
Event: 2.479 GC heap after
Heap after GC invocations=1 (full 0):
 PSYoungGen      total 67072K, used 7712K [0x0000000775f80000, 0x000000077aa00000, 0x00000007c0000000)
  eden space 57856K, 0% used [0x0000000775f80000,0x0000000775f80000,0x0000000779800000)
  from space 9216K, 83% used [0x0000000779800000,0x0000000779f88148,0x000000077a100000)
  to   space 9216K, 0% used [0x000000077a100000,0x000000077a100000,0x000000077aa00000)
 ParOldGen       total 153088K, used 24K [0x00000006e1e00000, 0x00000006eb380000, 0x0000000775f80000)
  object space 153088K, 0% used [0x00000006e1e00000,0x00000006e1e06000,0x00000006eb380000)
 Metaspace       used 17144K, capacity 17514K, committed 17792K, reserved 1064960K
  class space    used 1979K, capacity 2069K, committed 2176K, reserved 1048576K
}
Event: 3.407 GC heap before
{Heap before GC invocations=2 (full 0):
 PSYoungGen      total 67072K, used 65568K [0x0000000775f80000, 0x000000077aa00000, 0x00000007c0000000)
  eden space 57856K, 100% used [0x0000000775f80000,0x0000000779800000,0x0000000779800000)
  from space 9216K, 83% used [0x0000000779800000,0x0000000779f88148,0x000000077a100000)
  to   space 9216K, 0% used [0x000000077a100000,0x000000077a100000,0x000000077aa00000)
 ParOldGen       total 153088K, used 24K [0x00000006e1e00000, 0x00000006eb380000, 0x0000000775f80000)
  object space 153088K, 0% used [0x00000006e1e00000,0x00000006e1e06000,0x00000006eb380000)
 Metaspace       used 17507K, capacity 17932K, committed 18048K, reserved 1064960K
  class space    used 1995K, capacity 2112K, committed 2176K, reserved 1048576K
Event: 3.413 GC heap after
Heap after GC invocations=2 (full 0):
 PSYoungGen      total 67072K, used 6777K [0x0000000775f80000, 0x000000077aa00000, 0x00000007c0000000)
  eden space 57856K, 0% used [0x0000000775f80000,0x0000000775f80000,0x0000000779800000)
  from space 9216K, 73% used [0x000000077a100000,0x000000077a79e620,0x000000077aa00000)
  to   space 9216K, 0% used [0x0000000779800000,0x0000000779800000,0x000000077a100000)
 ParOldGen       total 153088K, used 40K [0x00000006e1e00000, 0x00000006eb380000, 0x0000000775f80000)
  object space 153088K, 0% used [0x00000006e1e00000,0x00000006e1e0a000,0x00000006eb380000)
 Metaspace       used 17507K, capacity 17932K, committed 18048K, reserved 1064960K
  class space    used 1995K, capacity 2112K, committed 2176K, reserved 1048576K
}

Deoptimization events (10 events):
Event: 2.769 Thread 0x0000000002655800 Uncommon trap: reason=unstable_if action=reinterpret pc=0x0000000002ece2d8 method=com.sun.org.apache.xerces.internal.impl.XMLEntityScanner.scanContent(Lcom/sun/org/apache/xerces/internal/xni/XMLString;)I @ 418
Event: 2.777 Thread 0x0000000002655800 Uncommon trap: reason=unstable_if action=reinterpret pc=0x0000000002eb401c method=com.sun.org.apache.xerces.internal.impl.XMLEntityScanner.scanLiteral(ILcom/sun/org/apache/xerces/internal/xni/XMLString;Z)I @ 515
Event: 2.925 Thread 0x0000000002655800 Uncommon trap: reason=unstable_if action=reinterpret pc=0x0000000002ee3784 method=com.sun.xml.internal.bind.v2.util.QNameMap.getEntry(Ljava/lang/String;Ljava/lang/String;)Lcom/sun/xml/internal/bind/v2/util/QNameMap$Entry; @ 71
Event: 3.096 Thread 0x0000000002655800 Uncommon trap: reason=unstable_if action=reinterpret pc=0x0000000002e0ea0c method=com.sun.org.apache.xerces.internal.impl.xpath.regex.RangeToken.match(I)Z @ 4
Event: 3.394 Thread 0x0000000002655800 Uncommon trap: reason=class_check action=maybe_recompile pc=0x0000000002f9df04 method=com.sun.org.apache.xerces.internal.impl.XMLNSDocumentScannerImpl.scanStartElement()Z @ 1016
Event: 3.394 Thread 0x0000000002655800 Uncommon trap: reason=class_check action=maybe_recompile pc=0x0000000002f9ee28 method=com.sun.org.apache.xerces.internal.impl.XMLNSDocumentScannerImpl.scanStartElement()Z @ 953
Event: 3.394 Thread 0x0000000002655800 Uncommon trap: reason=class_check action=maybe_recompile pc=0x0000000002f9ee28 method=com.sun.org.apache.xerces.internal.impl.XMLNSDocumentScannerImpl.scanStartElement()Z @ 953
Event: 3.394 Thread 0x0000000002655800 Uncommon trap: reason=class_check action=maybe_recompile pc=0x0000000002f9ee28 method=com.sun.org.apache.xerces.internal.impl.XMLNSDocumentScannerImpl.scanStartElement()Z @ 953
Event: 3.402 Thread 0x0000000002655800 Uncommon trap: reason=unstable_if action=reinterpret pc=0x0000000002e46cd8 method=java.util.HashMap.clear()V @ 16
Event: 3.457 Thread 0x0000000002655800 Uncommon trap: reason=unstable_if action=reinterpret pc=0x0000000002ea2dc8 method=com.sun.org.apache.xerces.internal.impl.XMLEntityScanner.scanQName(Lcom/sun/org/apache/xerces/internal/xni/QName;Lcom/sun/org/apache/xerces/internal/impl/XMLScanner$NameType

Classes redefined (0 events):
No events

Internal exceptions (10 events):
Event: 1.746 Thread 0x0000000002655800 Exception <a 'java/lang/ArrayIndexOutOfBoundsException': 85> (0x000000077804baf8) thrown at [C:\Users\jenkins\workspace\openjdk8_build_x86-64_windows\openjdk\hotspot\src\share\vm\interpreter\interpreterRuntime.cpp, line 366]
Event: 1.746 Thread 0x0000000002655800 Exception <a 'java/lang/ArrayIndexOutOfBoundsException': 76> (0x000000077804d020) thrown at [C:\Users\jenkins\workspace\openjdk8_build_x86-64_windows\openjdk\hotspot\src\share\vm\interpreter\interpreterRuntime.cpp, line 366]
Event: 1.825 Thread 0x0000000002655800 Implicit null exception at 0x00000000029c13d6 to 0x00000000029c1765
Event: 1.922 Thread 0x0000000002655800 Implicit null exception at 0x0000000002977b96 to 0x0000000002977f21
Event: 2.008 Thread 0x0000000002655800 Exception <a 'java/lang/ClassNotFoundException': com/sun/org/glassfish/hk2/osgiresourcelocator/ServiceLoader> (0x00000007784294b0) thrown at [C:\Users\jenkins\workspace\openjdk8_build_x86-64_windows\openjdk\hotspot\src\share\vm\classfile\systemDictionary.
Event: 2.896 Thread 0x0000000002655800 Exception <a 'java/lang/ClassNotFoundException': com/sun/org/glassfish/hk2/osgiresourcelocator/ServiceLoader> (0x00000007785374e0) thrown at [C:\Users\jenkins\workspace\openjdk8_build_x86-64_windows\openjdk\hotspot\src\share\vm\classfile\systemDictionary.
Event: 3.096 Thread 0x0000000002655800 Implicit null exception at 0x0000000002e0e950 to 0x0000000002e0e9f5
Event: 3.266 Thread 0x0000000002655800 Exception <a 'java/lang/ClassNotFoundException': com/sun/org/glassfish/hk2/osgiresourcelocator/ServiceLoader> (0x00000007793cc940) thrown at [C:\Users\jenkins\workspace\openjdk8_build_x86-64_windows\openjdk\hotspot\src\share\vm\classfile\systemDictionary.
Event: 3.501 Thread 0x0000000002655800 Exception <a 'sun/nio/fs/WindowsException'> (0x00000007764d4cd8) thrown at [C:\Users\jenkins\workspace\openjdk8_build_x86-64_windows\openjdk\hotspot\src\share\vm\prims\jni.cpp, line 709]
Event: 3.501 Thread 0x0000000002655800 Exception <a 'sun/nio/fs/WindowsException'> (0x00000007764d51b8) thrown at [C:\Users\jenkins\workspace\openjdk8_build_x86-64_windows\openjdk\hotspot\src\share\vm\prims\jni.cpp, line 709]

Events (10 events):
Event: 3.542 loading class com/android/sdklib/tool/TableFormatter$Column
Event: 3.542 loading class com/android/sdklib/tool/TableFormatter$Column done
Event: 3.543 loading class com/android/sdklib/tool/TableFormatter
Event: 3.543 loading class com/android/sdklib/tool/TableFormatter done
Event: 3.544 loading class com/android/sdklib/tool/TableFormatter$Column
Event: 3.544 loading class com/android/sdklib/tool/TableFormatter$Column done
Event: 3.548 loading class com/android/repository/api/RemotePackage
Event: 3.548 loading class com/android/repository/api/RemotePackage done
Event: 3.549 loading class com/android/repository/api/RemotePackage
Event: 3.549 loading class com/android/repository/api/RemotePackage done


Dynamic libraries:
0x00007ff762fa0000 - 0x00007ff762fd5000 	C:\Program Files\Unity\Hub\Editor\2021.3.18f1\Editor\Data\PlaybackEngines\AndroidPlayer\OpenJDK\bin\java.exe
0x00007fff79b10000 - 0x00007fff79d24000 	C:\Windows\SYSTEM32\ntdll.dll
0x00007fff78f80000 - 0x00007fff79044000 	C:\Windows\System32\KERNEL32.DLL
0x00007fff77210000 - 0x00007fff775b4000 	C:\Windows\System32\KERNELBASE.dll
0x00007fff79a20000 - 0x00007fff79ad0000 	C:\Windows\System32\ADVAPI32.dll
0x00007fff78550000 - 0x00007fff785f7000 	C:\Windows\System32\msvcrt.dll
0x00007fff78da0000 - 0x00007fff78e46000 	C:\Windows\System32\sechost.dll
0x00007fff79510000 - 0x00007fff79627000 	C:\Windows\System32\RPCRT4.dll
0x00007fff79630000 - 0x00007fff797de000 	C:\Windows\System32\USER32.dll
0x00007fff77630000 - 0x00007fff77656000 	C:\Windows\System32\win32u.dll
0x00007fff78160000 - 0x00007fff78189000 	C:\Windows\System32\GDI32.dll
0x00007fff77660000 - 0x00007fff77778000 	C:\Windows\System32\gdi32full.dll
0x00007fff77170000 - 0x00007fff7720a000 	C:\Windows\System32\msvcp_win.dll
0x00007fff77780000 - 0x00007fff77891000 	C:\Windows\System32\ucrtbase.dll
0x00007fff5cf40000 - 0x00007fff5d1d3000 	C:\Windows\WinSxS\amd64_microsoft.windows.common-controls_6595b64144ccf1df_6.0.22621.2215_none_270d72677387dfc3\COMCTL32.dll
0x00007fff79840000 - 0x00007fff79871000 	C:\Windows\System32\IMM32.DLL
0x000000005f110000 - 0x000000005f1e2000 	C:\Program Files\Unity\Hub\Editor\2021.3.18f1\Editor\Data\PlaybackEngines\AndroidPlayer\OpenJDK\jre\bin\msvcr100.dll
0x000000005e8c0000 - 0x000000005f109000 	C:\Program Files\Unity\Hub\Editor\2021.3.18f1\Editor\Data\PlaybackEngines\AndroidPlayer\OpenJDK\jre\bin\server\jvm.dll
0x00007fff78150000 - 0x00007fff78158000 	C:\Windows\System32\PSAPI.DLL
0x00007fff72320000 - 0x00007fff72329000 	C:\Windows\SYSTEM32\WSOCK32.dll
0x00007fff6f4e0000 - 0x00007fff6f514000 	C:\Windows\SYSTEM32\WINMM.dll
0x00007fff780d0000 - 0x00007fff78141000 	C:\Windows\System32\WS2_32.dll
0x00007fff6e910000 - 0x00007fff6e91a000 	C:\Windows\SYSTEM32\VERSION.dll
0x00007fff72280000 - 0x00007fff7228f000 	C:\Program Files\Unity\Hub\Editor\2021.3.18f1\Editor\Data\PlaybackEngines\AndroidPlayer\OpenJDK\jre\bin\verify.dll
0x00007fff5c9f0000 - 0x00007fff5ca19000 	C:\Program Files\Unity\Hub\Editor\2021.3.18f1\Editor\Data\PlaybackEngines\AndroidPlayer\OpenJDK\jre\bin\java.dll
0x00007fff5c6a0000 - 0x00007fff5c6b6000 	C:\Program Files\Unity\Hub\Editor\2021.3.18f1\Editor\Data\PlaybackEngines\AndroidPlayer\OpenJDK\jre\bin\zip.dll
0x00007fff778a0000 - 0x00007fff780c3000 	C:\Windows\System32\SHELL32.dll
0x00007fff74e00000 - 0x00007fff756ea000 	C:\Windows\SYSTEM32\windows.storage.dll
0x00007fff79160000 - 0x00007fff794ea000 	C:\Windows\System32\combase.dll
0x00007fff74cc0000 - 0x00007fff74dfe000 	C:\Windows\SYSTEM32\wintypes.dll
0x00007fff78e50000 - 0x00007fff78f43000 	C:\Windows\System32\SHCORE.dll
0x00007fff782e0000 - 0x00007fff7833e000 	C:\Windows\System32\shlwapi.dll
0x00007fff76df0000 - 0x00007fff76e16000 	C:\Windows\SYSTEM32\profapi.dll
0x00007fff5c680000 - 0x00007fff5c69a000 	C:\Program Files\Unity\Hub\Editor\2021.3.18f1\Editor\Data\PlaybackEngines\AndroidPlayer\OpenJDK\jre\bin\net.dll
0x00007fff76370000 - 0x00007fff763d9000 	C:\Windows\system32\mswsock.dll
0x00007fff5c1e0000 - 0x00007fff5c1f1000 	C:\Program Files\Unity\Hub\Editor\2021.3.18f1\Editor\Data\PlaybackEngines\AndroidPlayer\OpenJDK\jre\bin\nio.dll
0x00007fff4f8d0000 - 0x00007fff4f8f4000 	C:\Program Files\Unity\Hub\Editor\2021.3.18f1\Editor\Data\PlaybackEngines\AndroidPlayer\OpenJDK\jre\bin\sunec.dll
0x00007fff765e0000 - 0x00007fff765fb000 	C:\Windows\SYSTEM32\CRYPTSP.dll
0x00007fff75e50000 - 0x00007fff75e85000 	C:\Windows\system32\rsaenh.dll
0x00007fff76480000 - 0x00007fff764ac000 	C:\Windows\SYSTEM32\USERENV.dll
0x00007fff767a0000 - 0x00007fff767c8000 	C:\Windows\SYSTEM32\bcrypt.dll
0x00007fff76ec0000 - 0x00007fff76f3a000 	C:\Windows\System32\bcryptprimitives.dll
0x00007fff76600000 - 0x00007fff7660c000 	C:\Windows\SYSTEM32\CRYPTBASE.dll
0x00007fff75990000 - 0x00007fff759bd000 	C:\Windows\SYSTEM32\IPHLPAPI.DLL
0x00007fff78c90000 - 0x00007fff78c99000 	C:\Windows\System32\NSI.dll
0x00007fff6f5a0000 - 0x00007fff6f5b9000 	C:\Windows\SYSTEM32\dhcpcsvc6.DLL
0x00007fff6f5d0000 - 0x00007fff6f5ef000 	C:\Windows\SYSTEM32\dhcpcsvc.DLL
0x00007fff759c0000 - 0x00007fff75ab2000 	C:\Windows\SYSTEM32\DNSAPI.dll
0x00007fff562e0000 - 0x00007fff562eb000 	C:\Program Files\Unity\Hub\Editor\2021.3.18f1\Editor\Data\PlaybackEngines\AndroidPlayer\OpenJDK\jre\bin\sunmscapi.dll
0x00007fff77000000 - 0x00007fff77166000 	C:\Windows\System32\CRYPT32.dll
0x00007fff5bcc0000 - 0x00007fff5bcca000 	C:\Windows\System32\rasadhlp.dll
0x00007fff6e440000 - 0x00007fff6e4c4000 	C:\Windows\System32\fwpuclnt.dll

VM Arguments:
jvm_args: -Dfile.encoding=UTF-8 -Dcom.android.sdklib.toolsdir=C:\Program Files\Unity\Hub\Editor\2021.3.18f1\Editor\Data\PlaybackEngines\AndroidPlayer\SDK\tools\bin\\.. 
java_command: com.android.sdklib.tool.sdkmanager.SdkManagerCli --list
java_class_path (initial): C:\Program Files\Unity\Hub\Editor\2021.3.18f1\Editor\Data\PlaybackEngines\AndroidPlayer\SDK\tools\bin\..\lib\dvlib-26.0.0-dev.jar;C:\Program Files\Unity\Hub\Editor\2021.3.18f1\Editor\Data\PlaybackEngines\AndroidPlayer\SDK\tools\bin\..\lib\jimfs-1.1.jar;C:\Program Files\Unity\Hub\Editor\2021.3.18f1\Editor\Data\PlaybackEngines\AndroidPlayer\SDK\tools\bin\..\lib\jsr305-1.3.9.jar;C:\Program Files\Unity\Hub\Editor\2021.3.18f1\Editor\Data\PlaybackEngines\AndroidPlayer\SDK\tools\bin\..\lib\repository-26.0.0-dev.jar;C:\Program Files\Unity\Hub\Editor\2021.3.18f1\Editor\Data\PlaybackEngines\AndroidPlayer\SDK\tools\bin\..\lib\j2objc-annotations-1.1.jar;C:\Program Files\Unity\Hub\Editor\2021.3.18f1\Editor\Data\PlaybackEngines\AndroidPlayer\SDK\tools\bin\..\lib\layoutlib-api-26.0.0-dev.jar;C:\Program Files\Unity\Hub\Editor\2021.3.18f1\Editor\Data\PlaybackEngines\AndroidPlayer\SDK\tools\bin\..\lib\gson-2.3.jar;C:\Program Files\Unity\Hub\Editor\2021.3.18f1\Editor\Data\PlaybackEngines\AndroidPlayer\SDK\tools\bin\..\lib\httpcore-4.2.5.jar;C:\Program Files\Unity\Hub\Editor\2021.3.18f1\Editor\Data\PlaybackEngines\AndroidPlayer\SDK\tools\bin\..\lib\commons-logging-1.1.1.jar;C:\Program Files\Unity\Hub\Editor\2021.3.18f1\Editor\Data\PlaybackEngines\AndroidPlayer\SDK\tools\bin\..\lib\commons-compress-1.12.jar;C:\Program Files\Unity\Hub\Editor\2021.3.18f1\Editor\Data\PlaybackEngines\AndroidPlayer\SDK\tools\bin\..\lib\annotations-26.0.0-dev.jar;C:\Program Files\Unity\Hub\Editor\2021.3.18f1\Editor\Data\PlaybackEngines\AndroidPlayer\SDK\tools\bin\..\lib\error_prone_annotations-2.0.18.jar;C:\Program Files\Unity\Hub\Editor\2021.3.18f1\Editor\Data\PlaybackEngines\AndroidPlayer\SDK\tools\bin\..\lib\animal-sniffer-annotations-1.14.jar;C:\Program Files\Unity\Hub\Editor\2021.3.18f1\Editor\Data\PlaybackEngines\AndroidPlayer\SDK\tools\bin\..\lib\httpclient-4.2.6.jar;C:\Program Files\Unity\Hub\Editor\2021.3.18f1\Editor\Data\PlaybackEngines\AndroidPlayer\SDK\tools\bin\..\lib
Launcher Type: SUN_STANDARD

Environment Variables:
JAVA_HOME=C:\Program Files\Unity\Hub\Editor\2021.3.18f1\Editor\Data\PlaybackEngines\AndroidPlayer\OpenJDK
JAVA_TOOL_OPTIONS=-Dfile.encoding=UTF-8
PATH=C:\Program Files\Eclipse Adoptium\jdk-17.0.5.8-hotspot\bin;C:\Windows\system32;C:\Windows;C:\Windows\System32\Wbem;C:\Windows\System32\WindowsPowerShell\v1.0\;C:\Windows\System32\OpenSSH\;C:\Program Files (x86)\NVIDIA Corporation\PhysX\Common;C:\Program Files\Microsoft VS Code\bin;C:\Program Files\MongoDB\Server\6.0\bin;C:\Program Files\Microsoft SQL Server\150\Tools\Binn\;C:\Program Files\dotnet\;C:\Users\Laptop-HP\Documents\sonar-scanner-4.8.0.2856-windows\bin;C:\Program Files\nodejs\;C:\Program Files\Git\cmd;%SystemRoot%\system32;%SystemRoot%;%SystemRoot%\System32\Wbem;%SYSTEMROOT%\System32\WindowsPowerShell\v1.0\;%SYSTEMROOT%\System32\OpenSSH\;C:\Users\Laptop-HP\AppData\Local\Microsoft\WindowsApps;C:\Program Files\MongoDB\Server\6.0\bin;;C:\Program Files\JetBrains\IntelliJ IDEA 2022.3.1\bin;;C:\Users\Laptop-HP\.dotnet\tools;C:\Users\Laptop-HP\AppData\Roaming\npm
USERNAME=Laptop-HP
OS=Windows_NT
PROCESSOR_IDENTIFIER=AMD64 Family 23 Model 24 Stepping 1, AuthenticAMD



---------------  S Y S T E M  ---------------

OS: Windows 10.0 , 64 bit Build 22621 (10.0.22621.2215)

CPU:total 8 (initial active 8) (8 cores per cpu, 1 threads per core) family 23 model 24 stepping 1, cmov, cx8, fxsr, mmx, sse, sse2, sse3, ssse3, sse4.1, sse4.2, popcnt, avx, avx2, aes, clmul, mmxext, 3dnowpref, lzcnt, sse4a, tsc, tscinvbit, tscinv, bmi1

Memory: 4k page, physical 14552616k(5823240k free), swap 14552616k(4248k free)

vm_info: OpenJDK 64-Bit Server VM (25.71-b00) for windows-amd64 JRE (1.8.0-adoptopenjdk-_2018_05_19_00_59-b00), built on May 19 2018 01:02:12 by "jenkins" with MS VC++ 10.0 (VS2010)

time: Wed Aug 30 12:14:09 2023
elapsed time: 3 seconds (0d 0h 0m 3s)

