#
# There is insufficient memory for the Java Runtime Environment to continue.
# Native memory allocation (malloc) failed to allocate 98416 bytes for Chunk::new
# Possible reasons:
#   The system is out of physical RAM or swap space
#   In 32 bit mode, the process size limit was hit
# Possible solutions:
#   Reduce memory load on the system
#   Increase physical memory or swap space
#   Check if swap backing store is full
#   Use 64 bit Java on a 64 bit OS
#   Decrease Java heap size (-Xmx/-Xms)
#   Decrease number of Java threads
#   Decrease Java thread stack sizes (-Xss)
#   Set larger code cache with -XX:ReservedCodeCacheSize=
# This output file may be truncated or incomplete.
#
#  Out of Memory Error (allocation.cpp:390), pid=12312, tid=0x0000000000001b40
#
# JRE version: OpenJDK Runtime Environment (8.0) (build 1.8.0-adoptopenjdk-_2018_05_19_00_59-b00)
# Java VM: OpenJDK 64-Bit Server VM (25.71-b00 mixed mode windows-amd64 compressed oops)
# Failed to write core dump. Minidumps are not enabled by default on client versions of Windows
#

---------------  T H R E A D  ---------------

Current thread (0x000000001d890000):  JavaThread "C2 CompilerThread0" daemon [_thread_in_native, id=6976, stack(0x000000001e090000,0x000000001e190000)]

Stack: [0x000000001e090000,0x000000001e190000]
[error occurred during error reporting (printing stack bounds), id 0xc0000005]

Native frames: (J=compiled Java code, j=interpreted, Vv=VM code, C=native code)


Current CompileTask:
C2:   1761 1698       4       com.sun.org.apache.xerces.internal.jaxp.validation.ValidatorHandlerImpl::fillQName (154 bytes)


---------------  P R O C E S S  ---------------

Java Threads: ( => current thread )
  0x000000001d91d800 JavaThread "Service Thread" daemon [_thread_blocked, id=2900, stack(0x000000001e490000,0x000000001e590000)]
  0x000000001d8a3000 JavaThread "C1 CompilerThread3" daemon [_thread_blocked, id=5764, stack(0x000000001e390000,0x000000001e490000)]
  0x000000001d89a000 JavaThread "C2 CompilerThread2" daemon [_thread_in_native, id=14988, stack(0x000000001e290000,0x000000001e390000)]
  0x000000001d894000 JavaThread "C2 CompilerThread1" daemon [_thread_blocked, id=4636, stack(0x000000001e190000,0x000000001e290000)]
=>0x000000001d890000 JavaThread "C2 CompilerThread0" daemon [_thread_in_native, id=6976, stack(0x000000001e090000,0x000000001e190000)]
  0x000000001d88f000 JavaThread "Attach Listener" daemon [_thread_blocked, id=8076, stack(0x000000001df90000,0x000000001e090000)]
  0x000000001d88c000 JavaThread "Signal Dispatcher" daemon [_thread_blocked, id=10340, stack(0x000000001de90000,0x000000001df90000)]
  0x000000001d880800 JavaThread "Finalizer" daemon [_thread_blocked, id=8984, stack(0x000000001dc60000,0x000000001dd60000)]
  0x000000000321b000 JavaThread "Reference Handler" daemon [_thread_blocked, id=10964, stack(0x000000001d760000,0x000000001d860000)]
  0x0000000003125800 JavaThread "main" [_thread_in_Java, id=10816, stack(0x0000000002f30000,0x0000000003030000)]

Other Threads:
  0x000000001b987800 VMThread [stack: 0x000000001d660000,0x000000001d760000] [id=8160]
  0x000000001d8e0800 WatcherThread [stack: 0x000000001e590000,0x000000001e690000] [id=8144]

VM state:not at safepoint (normal execution)

VM Mutex/Monitor currently owned by a thread: None

Heap:
 PSYoungGen      total 67072K, used 18529K [0x0000000775f80000, 0x000000077aa00000, 0x00000007c0000000)
  eden space 57856K, 22% used [0x0000000775f80000,0x0000000776c737c8,0x0000000779800000)
  from space 9216K, 57% used [0x0000000779800000,0x0000000779d24fc0,0x000000077a100000)
  to   space 9216K, 0% used [0x000000077a100000,0x000000077a100000,0x000000077aa00000)
 ParOldGen       total 153088K, used 88K [0x00000006e1e00000, 0x00000006eb380000, 0x0000000775f80000)
  object space 153088K, 0% used [0x00000006e1e00000,0x00000006e1e16010,0x00000006eb380000)
 Metaspace       used 13868K, capacity 14214K, committed 14592K, reserved 1062912K
  class space    used 1627K, capacity 1701K, committed 1792K, reserved 1048576K

Card table byte_map: [0x00000000125e0000,0x0000000012ce0000] byte_map_base: 0x000000000eed1000

Marking Bits: (ParMarkBitMap*) 0x000000006766be50
 Begin Bits: [0x0000000013990000, 0x0000000017118000)
 End Bits:   [0x0000000017118000, 0x000000001a8a0000)

Polling page: 0x00000000016f0000

CodeCache: size=245760Kb used=6236Kb max_used=6241Kb free=239523Kb
 bounds [0x0000000003220000, 0x0000000003840000, 0x0000000012220000]
 total_blobs=2085 nmethods=1713 adapters=286
 compilation: enabled

Compilation events (10 events):
Event: 1.754 Thread 0x000000001d894000 nmethod 1701 0x00000000038358d0 code [0x0000000003835a20, 0x0000000003835bd8]
Event: 1.754 Thread 0x000000001d894000 1703       4       com.sun.org.apache.xerces.internal.util.AugmentationsImpl$SmallContainer::isFull (15 bytes)
Event: 1.755 Thread 0x000000001d894000 nmethod 1703 0x00000000037d45d0 code [0x00000000037d4700, 0x00000000037d4778]
Event: 1.755 Thread 0x000000001d894000 1707       4       com.sun.org.apache.xerces.internal.util.NamespaceSupport::pushContext (65 bytes)
Event: 1.757 Thread 0x000000001d8a3000 1712       3       java.util.Formatter::ensureOpen (16 bytes)
Event: 1.757 Thread 0x000000001d8a3000 nmethod 1712 0x0000000003836e90 code [0x0000000003837000, 0x0000000003837208]
Event: 1.758 Thread 0x000000001d8a3000 1713       3       com.sun.org.apache.xerces.internal.utils.XMLSecurityManager$Limit::values (10 bytes)
Event: 1.758 Thread 0x000000001d894000 nmethod 1707 0x0000000003836950 code [0x0000000003836aa0, 0x0000000003836d58]
Event: 1.758 Thread 0x000000001d894000 1708       4       com.sun.org.apache.xerces.internal.impl.XMLEntityScanner::scanChar (236 bytes)
Event: 1.758 Thread 0x000000001d8a3000 nmethod 1713 0x0000000003836450 code [0x00000000038365c0, 0x00000000038368a8]

GC Heap History (2 events):
Event: 1.697 GC heap before
{Heap before GC invocations=1 (full 0):
 PSYoungGen      total 67072K, used 57856K [0x0000000775f80000, 0x000000077aa00000, 0x00000007c0000000)
  eden space 57856K, 100% used [0x0000000775f80000,0x0000000779800000,0x0000000779800000)
  from space 9216K, 0% used [0x000000077a100000,0x000000077a100000,0x000000077aa00000)
  to   space 9216K, 0% used [0x0000000779800000,0x0000000779800000,0x000000077a100000)
 ParOldGen       total 153088K, used 0K [0x00000006e1e00000, 0x00000006eb380000, 0x0000000775f80000)
  object space 153088K, 0% used [0x00000006e1e00000,0x00000006e1e00000,0x00000006eb380000)
 Metaspace       used 13843K, capacity 14150K, committed 14336K, reserved 1062912K
  class space    used 1627K, capacity 1701K, committed 1792K, reserved 1048576K
Event: 1.704 GC heap after
Heap after GC invocations=1 (full 0):
 PSYoungGen      total 67072K, used 5267K [0x0000000775f80000, 0x000000077aa00000, 0x00000007c0000000)
  eden space 57856K, 0% used [0x0000000775f80000,0x0000000775f80000,0x0000000779800000)
  from space 9216K, 57% used [0x0000000779800000,0x0000000779d24fc0,0x000000077a100000)
  to   space 9216K, 0% used [0x000000077a100000,0x000000077a100000,0x000000077aa00000)
 ParOldGen       total 153088K, used 88K [0x00000006e1e00000, 0x00000006eb380000, 0x0000000775f80000)
  object space 153088K, 0% used [0x00000006e1e00000,0x00000006e1e16010,0x00000006eb380000)
 Metaspace       used 13843K, capacity 14150K, committed 14336K, reserved 1062912K
  class space    used 1627K, capacity 1701K, committed 1792K, reserved 1048576K
}

Deoptimization events (10 events):
Event: 0.897 Thread 0x0000000003125800 Uncommon trap: reason=range_check action=make_not_entrant pc=0x00000000034fbc68 method=sun.reflect.generics.parser.SignatureParser.current()C @ 34
Event: 0.977 Thread 0x0000000003125800 Uncommon trap: reason=unstable_if action=reinterpret pc=0x0000000003499a80 method=java.lang.AbstractStringBuilder.append(Ljava/lang/String;)Ljava/lang/AbstractStringBuilder; @ 1
Event: 1.065 Thread 0x0000000003125800 Uncommon trap: reason=unstable_if action=reinterpret pc=0x000000000344767c method=java.lang.AbstractStringBuilder.append(Ljava/lang/String;)Ljava/lang/AbstractStringBuilder; @ 1
Event: 1.321 Thread 0x0000000003125800 Uncommon trap: reason=unstable_if action=reinterpret pc=0x000000000360e634 method=com.sun.org.apache.xerces.internal.impl.XMLEntityScanner.checkBeforeLoad(Lcom/sun/xml/internal/stream/Entity$ScannedEntity;II)I @ 18
Event: 1.337 Thread 0x0000000003125800 Uncommon trap: reason=unstable_if action=reinterpret pc=0x000000000362c04c method=java.util.regex.Pattern$Ctype.isSatisfiedBy(I)Z @ 4
Event: 1.341 Thread 0x0000000003125800 Uncommon trap: reason=unstable_if action=reinterpret pc=0x0000000003641b24 method=java.util.regex.Pattern$NotBehind.match(Ljava/util/regex/Matcher;ILjava/lang/CharSequence;)Z @ 128
Event: 1.353 Thread 0x0000000003125800 Uncommon trap: reason=unstable_if action=reinterpret pc=0x00000000036493dc method=java.util.regex.Matcher.find()Z @ 34
Event: 1.493 Thread 0x0000000003125800 Uncommon trap: reason=unstable_if action=reinterpret pc=0x0000000003655558 method=java.lang.AbstractStringBuilder.append(Ljava/lang/CharSequence;)Ljava/lang/AbstractStringBuilder; @ 13
Event: 1.601 Thread 0x0000000003125800 Uncommon trap: reason=unstable_if action=reinterpret pc=0x000000000365c704 method=com.sun.org.apache.xerces.internal.impl.XMLEntityScanner.scanContent(Lcom/sun/org/apache/xerces/internal/xni/XMLString;)I @ 418
Event: 1.645 Thread 0x0000000003125800 Uncommon trap: reason=unstable_if action=reinterpret pc=0x00000000037cc4fc method=com.sun.org.apache.xerces.internal.impl.XMLEntityScanner.skipSpaces()Z @ 303

Classes redefined (0 events):
No events

Internal exceptions (10 events):
Event: 0.838 Thread 0x0000000003125800 Exception <a 'java/lang/ClassNotFoundException': com/sun/org/glassfish/hk2/osgiresourcelocator/ServiceLoader> (0x0000000776fb5fb0) thrown at [C:\Users\jenkins\workspace\openjdk8_build_x86-64_windows\openjdk\hotspot\src\share\vm\classfile\systemDictionary.
Event: 0.844 Thread 0x0000000003125800 Exception <a 'java/lang/NullPointerException'> (0x0000000776fc7f48) thrown at [C:\Users\jenkins\workspace\openjdk8_build_x86-64_windows\openjdk\hotspot\src\share\vm\interpreter\linkResolver.cpp, line 1287]
Event: 0.887 Thread 0x0000000003125800 Exception <a 'java/lang/ArrayIndexOutOfBoundsException'> (0x000000077705f108) thrown at [C:\Users\jenkins\workspace\openjdk8_build_x86-64_windows\openjdk\hotspot\src\share\vm\runtime\sharedRuntime.cpp, line 605]
Event: 0.887 Thread 0x0000000003125800 Exception <a 'java/lang/ArrayIndexOutOfBoundsException'> (0x000000077705ff98) thrown at [C:\Users\jenkins\workspace\openjdk8_build_x86-64_windows\openjdk\hotspot\src\share\vm\runtime\sharedRuntime.cpp, line 605]
Event: 0.888 Thread 0x0000000003125800 Exception <a 'java/lang/ArrayIndexOutOfBoundsException'> (0x0000000777061420) thrown at [C:\Users\jenkins\workspace\openjdk8_build_x86-64_windows\openjdk\hotspot\src\share\vm\runtime\sharedRuntime.cpp, line 605]
Event: 0.898 Thread 0x0000000003125800 Exception <a 'java/lang/ArrayIndexOutOfBoundsException': 85> (0x00000007770a5b60) thrown at [C:\Users\jenkins\workspace\openjdk8_build_x86-64_windows\openjdk\hotspot\src\share\vm\interpreter\interpreterRuntime.cpp, line 366]
Event: 0.898 Thread 0x0000000003125800 Exception <a 'java/lang/ArrayIndexOutOfBoundsException': 76> (0x00000007770a7088) thrown at [C:\Users\jenkins\workspace\openjdk8_build_x86-64_windows\openjdk\hotspot\src\share\vm\interpreter\interpreterRuntime.cpp, line 366]
Event: 0.977 Thread 0x0000000003125800 Implicit null exception at 0x00000000034996d6 to 0x0000000003499a65
Event: 1.065 Thread 0x0000000003125800 Implicit null exception at 0x00000000034472d6 to 0x0000000003447661
Event: 1.127 Thread 0x0000000003125800 Exception <a 'java/lang/ClassNotFoundException': com/sun/org/glassfish/hk2/osgiresourcelocator/ServiceLoader> (0x0000000777470538) thrown at [C:\Users\jenkins\workspace\openjdk8_build_x86-64_windows\openjdk\hotspot\src\share\vm\classfile\systemDictionary.

Events (10 events):
Event: 1.634 Thread 0x0000000003125800 DEOPT UNPACKING pc=0x00000000032671d0 sp=0x000000000302e068 mode 0
Event: 1.645 Thread 0x0000000003125800 Uncommon trap: trap_request=0xffffff65 fr.pc=0x00000000037cc4fc
Event: 1.645 Thread 0x0000000003125800 DEOPT PACKING pc=0x00000000037cc4fc sp=0x000000000302e650
Event: 1.645 Thread 0x0000000003125800 DEOPT UNPACKING pc=0x000000000326557b sp=0x000000000302e5e0 mode 2
Event: 1.671 Thread 0x0000000003125800 DEOPT PACKING pc=0x000000000374c9bd sp=0x000000000302d910
Event: 1.671 Thread 0x0000000003125800 DEOPT UNPACKING pc=0x00000000032671d0 sp=0x000000000302d770 mode 0
Event: 1.697 Executing VM operation: ParallelGCFailedAllocation
Event: 1.704 Executing VM operation: ParallelGCFailedAllocation done
Event: 1.732 Thread 0x0000000003125800 DEOPT PACKING pc=0x0000000003442f24 sp=0x000000000302e740
Event: 1.732 Thread 0x0000000003125800 DEOPT UNPACKING pc=0x00000000032671d0 sp=0x000000000302e5f8 mode 0


Dynamic libraries:
0x00007ff69bde0000 - 0x00007ff69be15000 	C:\Program Files\Unity\Hub\Editor\2021.3.18f1\Editor\Data\PlaybackEngines\AndroidPlayer\OpenJDK\bin\java.exe
0x00007ff965ad0000 - 0x00007ff965ce4000 	C:\WINDOWS\SYSTEM32\ntdll.dll
0x00007ff964640000 - 0x00007ff964702000 	C:\WINDOWS\System32\KERNEL32.DLL
0x00007ff963500000 - 0x00007ff9638a3000 	C:\WINDOWS\System32\KERNELBASE.dll
0x00007ff9638b0000 - 0x00007ff96395e000 	C:\WINDOWS\System32\ADVAPI32.dll
0x00007ff964e90000 - 0x00007ff964f37000 	C:\WINDOWS\System32\msvcrt.dll
0x00007ff964230000 - 0x00007ff9642d4000 	C:\WINDOWS\System32\sechost.dll
0x00007ff9653d0000 - 0x00007ff9654e7000 	C:\WINDOWS\System32\RPCRT4.dll
0x00007ff9650c0000 - 0x00007ff96526a000 	C:\WINDOWS\System32\USER32.dll
0x00007ff963150000 - 0x00007ff963176000 	C:\WINDOWS\System32\win32u.dll
0x00007ff9653a0000 - 0x00007ff9653c9000 	C:\WINDOWS\System32\GDI32.dll
0x00007ff963180000 - 0x00007ff963299000 	C:\WINDOWS\System32\gdi32full.dll
0x00007ff962ff0000 - 0x00007ff96308a000 	C:\WINDOWS\System32\msvcp_win.dll
0x00007ff962ed0000 - 0x00007ff962fe1000 	C:\WINDOWS\System32\ucrtbase.dll
0x00007ff942720000 - 0x00007ff9429ae000 	C:\WINDOWS\WinSxS\amd64_microsoft.windows.common-controls_6595b64144ccf1df_6.0.22621.1635_none_270f70857386168e\COMCTL32.dll
0x00007ff9658f0000 - 0x00007ff965921000 	C:\WINDOWS\System32\IMM32.DLL
0x0000000068a00000 - 0x0000000068ad2000 	C:\Program Files\Unity\Hub\Editor\2021.3.18f1\Editor\Data\PlaybackEngines\AndroidPlayer\OpenJDK\jre\bin\msvcr100.dll
0x0000000066ea0000 - 0x00000000676e9000 	C:\Program Files\Unity\Hub\Editor\2021.3.18f1\Editor\Data\PlaybackEngines\AndroidPlayer\OpenJDK\jre\bin\server\jvm.dll
0x00007ff963a20000 - 0x00007ff963a28000 	C:\WINDOWS\System32\PSAPI.DLL
0x00007ff95af40000 - 0x00007ff95af4a000 	C:\WINDOWS\SYSTEM32\VERSION.dll
0x00007ff959880000 - 0x00007ff9598b4000 	C:\WINDOWS\SYSTEM32\WINMM.dll
0x00007ff902900000 - 0x00007ff902909000 	C:\WINDOWS\SYSTEM32\WSOCK32.dll
0x00007ff965040000 - 0x00007ff9650b1000 	C:\WINDOWS\System32\WS2_32.dll
0x00007ff95fb10000 - 0x00007ff95fb1f000 	C:\Program Files\Unity\Hub\Editor\2021.3.18f1\Editor\Data\PlaybackEngines\AndroidPlayer\OpenJDK\jre\bin\verify.dll
0x00007ff93c9c0000 - 0x00007ff93c9e9000 	C:\Program Files\Unity\Hub\Editor\2021.3.18f1\Editor\Data\PlaybackEngines\AndroidPlayer\OpenJDK\jre\bin\java.dll
0x00007ff95e220000 - 0x00007ff95e236000 	C:\Program Files\Unity\Hub\Editor\2021.3.18f1\Editor\Data\PlaybackEngines\AndroidPlayer\OpenJDK\jre\bin\zip.dll
0x00007ff963a30000 - 0x00007ff964229000 	C:\WINDOWS\System32\SHELL32.dll
0x00007ff960e70000 - 0x00007ff96173e000 	C:\WINDOWS\SYSTEM32\windows.storage.dll
0x00007ff965560000 - 0x00007ff9658e9000 	C:\WINDOWS\System32\combase.dll
0x00007ff960d30000 - 0x00007ff960e6e000 	C:\WINDOWS\SYSTEM32\wintypes.dll
0x00007ff964f40000 - 0x00007ff965031000 	C:\WINDOWS\System32\SHCORE.dll
0x00007ff965930000 - 0x00007ff96598e000 	C:\WINDOWS\System32\shlwapi.dll
0x00007ff962e00000 - 0x00007ff962e26000 	C:\WINDOWS\SYSTEM32\profapi.dll
0x00007ff93c9a0000 - 0x00007ff93c9ba000 	C:\Program Files\Unity\Hub\Editor\2021.3.18f1\Editor\Data\PlaybackEngines\AndroidPlayer\OpenJDK\jre\bin\net.dll
0x00007ff962460000 - 0x00007ff9624c9000 	C:\WINDOWS\system32\mswsock.dll
0x00007ff93c980000 - 0x00007ff93c991000 	C:\Program Files\Unity\Hub\Editor\2021.3.18f1\Editor\Data\PlaybackEngines\AndroidPlayer\OpenJDK\jre\bin\nio.dll

VM Arguments:
jvm_args: -Dfile.encoding=UTF-8 -Dcom.android.sdklib.toolsdir=C:\Program Files\Unity\Hub\Editor\2021.3.18f1\Editor\Data\PlaybackEngines\AndroidPlayer\SDK\tools\bin\\.. 
java_command: com.android.sdklib.tool.sdkmanager.SdkManagerCli --list
java_class_path (initial): C:\Program Files\Unity\Hub\Editor\2021.3.18f1\Editor\Data\PlaybackEngines\AndroidPlayer\SDK\tools\bin\..\lib\dvlib-26.0.0-dev.jar;C:\Program Files\Unity\Hub\Editor\2021.3.18f1\Editor\Data\PlaybackEngines\AndroidPlayer\SDK\tools\bin\..\lib\jimfs-1.1.jar;C:\Program Files\Unity\Hub\Editor\2021.3.18f1\Editor\Data\PlaybackEngines\AndroidPlayer\SDK\tools\bin\..\lib\jsr305-1.3.9.jar;C:\Program Files\Unity\Hub\Editor\2021.3.18f1\Editor\Data\PlaybackEngines\AndroidPlayer\SDK\tools\bin\..\lib\repository-26.0.0-dev.jar;C:\Program Files\Unity\Hub\Editor\2021.3.18f1\Editor\Data\PlaybackEngines\AndroidPlayer\SDK\tools\bin\..\lib\j2objc-annotations-1.1.jar;C:\Program Files\Unity\Hub\Editor\2021.3.18f1\Editor\Data\PlaybackEngines\AndroidPlayer\SDK\tools\bin\..\lib\layoutlib-api-26.0.0-dev.jar;C:\Program Files\Unity\Hub\Editor\2021.3.18f1\Editor\Data\PlaybackEngines\AndroidPlayer\SDK\tools\bin\..\lib\gson-2.3.jar;C:\Program Files\Unity\Hub\Editor\2021.3.18f1\Editor\Data\PlaybackEngines\AndroidPlayer\SDK\tools\bin\..\lib\httpcore-4.2.5.jar;C:\Program Files\Unity\Hub\Editor\2021.3.18f1\Editor\Data\PlaybackEngines\AndroidPlayer\SDK\tools\bin\..\lib\commons-logging-1.1.1.jar;C:\Program Files\Unity\Hub\Editor\2021.3.18f1\Editor\Data\PlaybackEngines\AndroidPlayer\SDK\tools\bin\..\lib\commons-compress-1.12.jar;C:\Program Files\Unity\Hub\Editor\2021.3.18f1\Editor\Data\PlaybackEngines\AndroidPlayer\SDK\tools\bin\..\lib\annotations-26.0.0-dev.jar;C:\Program Files\Unity\Hub\Editor\2021.3.18f1\Editor\Data\PlaybackEngines\AndroidPlayer\SDK\tools\bin\..\lib\error_prone_annotations-2.0.18.jar;C:\Program Files\Unity\Hub\Editor\2021.3.18f1\Editor\Data\PlaybackEngines\AndroidPlayer\SDK\tools\bin\..\lib\animal-sniffer-annotations-1.14.jar;C:\Program Files\Unity\Hub\Editor\2021.3.18f1\Editor\Data\PlaybackEngines\AndroidPlayer\SDK\tools\bin\..\lib\httpclient-4.2.6.jar;C:\Program Files\Unity\Hub\Editor\2021.3.18f1\Editor\Data\PlaybackEngines\AndroidPlayer\SDK\tools\bin\..\lib
Launcher Type: SUN_STANDARD

Environment Variables:
JAVA_HOME=C:\Program Files\Unity\Hub\Editor\2021.3.18f1\Editor\Data\PlaybackEngines\AndroidPlayer\OpenJDK
JAVA_TOOL_OPTIONS=-Dfile.encoding=UTF-8
PATH=C:\Program Files\Eclipse Adoptium\jdk-17.0.5.8-hotspot\bin;C:\Windows\system32;C:\Windows;C:\Windows\System32\Wbem;C:\Windows\System32\WindowsPowerShell\v1.0\;C:\Windows\System32\OpenSSH\;C:\Program Files (x86)\NVIDIA Corporation\PhysX\Common;C:\Program Files\Microsoft VS Code\bin;C:\Program Files\MongoDB\Server\6.0\bin;C:\Program Files\Microsoft SQL Server\150\Tools\Binn\;C:\Program Files\dotnet\;C:\Users\Laptop-HP\Documents\sonar-scanner-4.8.0.2856-windows\bin;C:\Program Files\nodejs\;C:\Program Files\Git\cmd;%SystemRoot%\system32;%SystemRoot%;%SystemRoot%\System32\Wbem;%SYSTEMROOT%\System32\WindowsPowerShell\v1.0\;%SYSTEMROOT%\System32\OpenSSH\;C:\Users\Laptop-HP\AppData\Local\Microsoft\WindowsApps;C:\Program Files\MongoDB\Server\6.0\bin;;C:\Program Files\JetBrains\IntelliJ IDEA 2022.3.1\bin;;C:\Users\Laptop-HP\.dotnet\tools;C:\Users\Laptop-HP\AppData\Roaming\npm
USERNAME=Laptop-HP
OS=Windows_NT
PROCESSOR_IDENTIFIER=AMD64 Family 23 Model 24 Stepping 1, AuthenticAMD



---------------  S Y S T E M  ---------------

OS: Windows 10.0 , 64 bit Build 22621 (10.0.22621.1928)

CPU:total 8 (initial active 8) (8 cores per cpu, 1 threads per core) family 23 model 24 stepping 1, cmov, cx8, fxsr, mmx, sse, sse2, sse3, ssse3, sse4.1, sse4.2, popcnt, avx, avx2, aes, clmul, mmxext, 3dnowpref, lzcnt, sse4a, tsc, tscinvbit, tscinv, bmi1

Memory: 4k page, physical 14552616k(4700040k free), swap 14552616k(10100k free)

vm_info: OpenJDK 64-Bit Server VM (25.71-b00) for windows-amd64 JRE (1.8.0-adoptopenjdk-_2018_05_19_00_59-b00), built on May 19 2018 01:02:12 by "jenkins" with MS VC++ 10.0 (VS2010)

time: Tue Aug 01 14:17:30 2023
elapsed time: 1 seconds (0d 0h 0m 1s)

